build/app/outputs/mapping/release/seeds.txt
com.daphne.naggayi.boss_app.MainActivity
com.daphne.naggayi.boss_app.MainActivity: MainActivity()
...
com.google.android.gms.internal.measurement.zzjb: void zzb(java.util.List,com.google.android.gms.internal.measurement.zzlu,com.google.android.gms.internal.measurement.zzjg)
com.google.android.play.core.integrity.au: au(com.google.android.play.integrity.internal.an,com.google.android.play.integrity.internal.an)
com.google.android.gms.internal.auth.zzhg: void zze(java.lang.Object,long,float)
com.google.android.gms.internal.fido.zzbg: java.util.NavigableMap headMap(java.lang.Object,boolean)
com.google.android.gms.internal.measurement.zzfy$zzk: void zzg(com.google.android.gms.internal.measurement.zzfy$zzk,long)
com.google.android.gms.internal.auth.zzbf: zzbf()
com.google.android.gms.internal.firebase-auth-api.zzaeu: void onCodeSent(java.lang.String,com.google.firebase.auth.PhoneAuthProvider$ForceResendingToken)
com.google.android.gms.internal.firebase-auth-api.zzaaa: void zza(java.lang.Object)
com.google.android.gms.internal.measurement.zzig: int zzd(byte[],int,com.google.android.gms.internal.measurement.zzij)
com.google.android.gms.internal.auth.zzgf: java.lang.Object set(int,java.lang.Object)
com.google.android.gms.internal.firebase-auth-api.zzajm: void zzc(java.lang.Object)
com.google.android.gms.internal.firebase-auth-api.zzaht: java.lang.String zze()
com.google.android.gms.internal.measurement.zzlp: void zze(int)
com.google.android.gms.internal.measurement.zzlr: com.google.android.gms.internal.measurement.zzik zzp()
com.google.android.gms.internal.measurement.zzjf: void zzf(int,java.util.List,boolean)
com.google.android.gms.internal.firebase-auth-api.zzdu: zzdu()
androidx.collection.LruCache: void entryRemoved(boolean,java.lang.Object,java.lang.Object,java.lang.Object)
com.google.android.recaptcha.internal.zziv: byte[] zzl()
com.google.android.recaptcha.internal.zzmb: boolean zzl(java.lang.Object)
com.google.android.gms.internal.measurement.zzjt$zzb: com.google.android.gms.internal.measurement.zzjt$zzb zza(com.google.android.gms.internal.measurement.zzjt)
com.google.android.gms.internal.measurement.zzmn: zzmn()
com.google.android.gms.internal.measurement.zzfo$zzf: int zza()
com.google.android.gms.internal.measurement.zzjb: java.lang.Object zza(com.google.android.gms.internal.measurement.zzlu,com.google.android.gms.internal.measurement.zzjg)
com.google.android.gms.internal.firebase-auth-api.zzaka: int zza()
io.flutter.view.AccessibilityViewEmbedder: void addChildrenToFlutterNode(android.view.accessibility.AccessibilityNodeInfo,android.view.View,android.view.accessibility.AccessibilityNodeInfo)
com.google.android.gms.internal.measurement.zzap: int hashCode()
com.google.android.gms.internal.measurement.zzlg: com.google.android.gms.internal.measurement.zzlg zza(java.lang.Class,com.google.android.gms.internal.measurement.zzla,com.google.android.gms.internal.measurement.zzlk,com.google.android.gms.internal.measurement.zzkm,com.google.android.gms.internal.measurement.zzmk,com.google.android.gms.internal.measurement.zzji,com.google.android.gms.internal.measurement.zzkv)
androidx.appcompat.widget.Toolbar: int getContentInsetLeft()
com.google.android.gms.internal.measurement.zzky: java.lang.Object zza(java.lang.Object,java.lang.Object)
com.google.android.gms.internal.firebase-auth-api.zzec: boolean equals(java.lang.Object)
com.google.android.gms.internal.firebase-auth-api.zzabq: void zzb()
com.google.android.gms.internal.firebase-auth-api.zzko: com.google.android.gms.internal.firebase-auth-api.zzbp zzb()
com.google.android.gms.internal.measurement.zzgd$zzb: java.lang.String zzb()
com.google.android.gms.internal.measurement.zzjt$zzb: zzjt$zzb(com.google.android.gms.internal.measurement.zzjt)
com.google.android.gms.internal.measurement.zznb: void zza(int,java.lang.String)
com.google.android.recaptcha.internal.zzae: java.lang.Object invokeSuspend(java.lang.Object)
androidx.appcompat.widget.Toolbar: void setTitleMarginStart(int)